<?xml version="1.0" encoding="UTF-8"?>
<!-- Generated by org.testng.reporters.JUnitXMLReporter -->
<testsuite ignored="0" hostname="LAPTOP-A39R353N" failures="0" tests="10" name="Test" time="194.363" errors="0" timestamp="2022-06-19T00:51:48 IST">
  <testcase classname="co.capstone.runner.Runner" name="featue" time="27.019"/>
  <testcase classname="co.capstone.runner.Runner" name="featue" time="17.416"/>
  <testcase classname="co.capstone.runner.Runner" name="featue" time="15.941"/>
  <testcase classname="co.capstone.runner.Runner" name="featue" time="13.521"/>
  <testcase classname="co.capstone.runner.Runner" name="featue" time="21.47"/>
  <testcase classname="co.capstone.runner.Runner" name="featue" time="22.544"/>
  <testcase classname="co.capstone.runner.Runner" name="featue" time="15.999"/>
  <testcase classname="co.capstone.runner.Runner" name="featue" time="16.794"/>
  <testcase classname="co.capstone.runner.Runner" name="featue" time="21.982"/>
  <testcase classname="co.capstone.runner.Runner" name="featue" time="15.482"/>
</testsuite> <!-- Test -->
