<?xml version="1.0" encoding="UTF-8"?>
<!-- Generated by org.testng.reporters.JUnitXMLReporter -->
<testsuite ignored="0" hostname="LAPTOP-A39R353N" failures="0" tests="5" name="Test" time="58.292" errors="0" timestamp="2022-06-12T00:31:53 IST">
  <testcase classname="co.capstone.runner.Runner" name="featue" time="16.143"/>
  <testcase classname="co.capstone.runner.Runner" name="featue" time="12.584"/>
  <testcase classname="co.capstone.runner.Runner" name="featue" time="7.566"/>
  <testcase classname="co.capstone.runner.Runner" name="featue" time="7.178"/>
  <testcase classname="co.capstone.runner.Runner" name="featue" time="9.956"/>
</testsuite> <!-- Test -->
