<?xml version="1.0" encoding="UTF-8"?>
<testng-results ignored="0" total="10" passed="10" failed="0" skipped="0">
  <reporter-output>
  </reporter-output>
  <suite started-at="2022-06-19T00:48:34 IST" name="Suite" finished-at="2022-06-19T00:51:48 IST" duration-ms="194363">
    <groups>
    </groups>
    <test started-at="2022-06-19T00:48:34 IST" name="Test" finished-at="2022-06-19T00:51:48 IST" duration-ms="194363">
      <class name="co.capstone.runner.Runner">
        <test-method is-config="true" signature="setup()[pri:0, instance:co.capstone.runner.Runner@5c44c582]" started-at="2022-06-19T00:48:34 IST" name="setup" finished-at="2022-06-19T00:48:34 IST" duration-ms="823" status="PASS">
          <reporter-output>
          </reporter-output>
        </test-method> <!-- setup -->
        <test-method signature="featue(io.cucumber.testng.PickleWrapper,io.cucumber.testng.FeatureWrapper)[pri:0, instance:co.capstone.runner.Runner@5c44c582]" started-at="2022-06-19T00:48:34 IST" name="featue" data-provider="features" finished-at="2022-06-19T00:49:01 IST" duration-ms="27019" status="PASS">
          <params>
            <param index="0">
              <value>
                <![CDATA["verification of try for free button"]]>
              </value>
            </param>
            <param index="1">
              <value>
                <![CDATA["Title of your feature"]]>
              </value>
            </param>
          </params>
          <reporter-output>
          </reporter-output>
        </test-method> <!-- featue -->
        <test-method signature="featue(io.cucumber.testng.PickleWrapper,io.cucumber.testng.FeatureWrapper)[pri:0, instance:co.capstone.runner.Runner@5c44c582]" started-at="2022-06-19T00:49:02 IST" name="featue" data-provider="features" finished-at="2022-06-19T00:49:19 IST" duration-ms="17416" status="PASS">
          <params>
            <param index="0">
              <value>
                <![CDATA["verification of login button"]]>
              </value>
            </param>
            <param index="1">
              <value>
                <![CDATA["Title of your feature"]]>
              </value>
            </param>
          </params>
          <reporter-output>
          </reporter-output>
        </test-method> <!-- featue -->
        <test-method signature="featue(io.cucumber.testng.PickleWrapper,io.cucumber.testng.FeatureWrapper)[pri:0, instance:co.capstone.runner.Runner@5c44c582]" started-at="2022-06-19T00:49:19 IST" name="featue" data-provider="features" finished-at="2022-06-19T00:49:35 IST" duration-ms="15941" status="PASS">
          <params>
            <param index="0">
              <value>
                <![CDATA["verification of subscribe button"]]>
              </value>
            </param>
            <param index="1">
              <value>
                <![CDATA["Title of your feature"]]>
              </value>
            </param>
          </params>
          <reporter-output>
          </reporter-output>
        </test-method> <!-- featue -->
        <test-method signature="featue(io.cucumber.testng.PickleWrapper,io.cucumber.testng.FeatureWrapper)[pri:0, instance:co.capstone.runner.Runner@5c44c582]" started-at="2022-06-19T00:49:35 IST" name="featue" data-provider="features" finished-at="2022-06-19T00:49:48 IST" duration-ms="13521" status="PASS">
          <params>
            <param index="0">
              <value>
                <![CDATA["verification of the images"]]>
              </value>
            </param>
            <param index="1">
              <value>
                <![CDATA["Title of your feature"]]>
              </value>
            </param>
          </params>
          <reporter-output>
          </reporter-output>
        </test-method> <!-- featue -->
        <test-method signature="featue(io.cucumber.testng.PickleWrapper,io.cucumber.testng.FeatureWrapper)[pri:0, instance:co.capstone.runner.Runner@5c44c582]" started-at="2022-06-19T00:49:48 IST" name="featue" data-provider="features" finished-at="2022-06-19T00:50:10 IST" duration-ms="21470" status="PASS">
          <params>
            <param index="0">
              <value>
                <![CDATA["verification of the read the story link"]]>
              </value>
            </param>
            <param index="1">
              <value>
                <![CDATA["Title of your feature"]]>
              </value>
            </param>
          </params>
          <reporter-output>
          </reporter-output>
        </test-method> <!-- featue -->
        <test-method signature="featue(io.cucumber.testng.PickleWrapper,io.cucumber.testng.FeatureWrapper)[pri:0, instance:co.capstone.runner.Runner@5c44c582]" started-at="2022-06-19T00:50:10 IST" name="featue" data-provider="features" finished-at="2022-06-19T00:50:32 IST" duration-ms="22544" status="PASS">
          <params>
            <param index="0">
              <value>
                <![CDATA["verification of Field is Required message"]]>
              </value>
            </param>
            <param index="1">
              <value>
                <![CDATA["signup page features"]]>
              </value>
            </param>
          </params>
          <reporter-output>
          </reporter-output>
        </test-method> <!-- featue -->
        <test-method signature="featue(io.cucumber.testng.PickleWrapper,io.cucumber.testng.FeatureWrapper)[pri:0, instance:co.capstone.runner.Runner@5c44c582]" started-at="2022-06-19T00:50:33 IST" name="featue" data-provider="features" finished-at="2022-06-19T00:50:49 IST" duration-ms="15999" status="PASS">
          <params>
            <param index="0">
              <value>
                <![CDATA["verification of Terms and Conditions  button"]]>
              </value>
            </param>
            <param index="1">
              <value>
                <![CDATA["signup page features"]]>
              </value>
            </param>
          </params>
          <reporter-output>
          </reporter-output>
        </test-method> <!-- featue -->
        <test-method signature="featue(io.cucumber.testng.PickleWrapper,io.cucumber.testng.FeatureWrapper)[pri:0, instance:co.capstone.runner.Runner@5c44c582]" started-at="2022-06-19T00:50:49 IST" name="featue" data-provider="features" finished-at="2022-06-19T00:51:05 IST" duration-ms="16794" status="PASS">
          <params>
            <param index="0">
              <value>
                <![CDATA["verification of email invalid message"]]>
              </value>
            </param>
            <param index="1">
              <value>
                <![CDATA["signup page features"]]>
              </value>
            </param>
          </params>
          <reporter-output>
          </reporter-output>
        </test-method> <!-- featue -->
        <test-method signature="featue(io.cucumber.testng.PickleWrapper,io.cucumber.testng.FeatureWrapper)[pri:0, instance:co.capstone.runner.Runner@5c44c582]" started-at="2022-06-19T00:51:05 IST" name="featue" data-provider="features" finished-at="2022-06-19T00:51:27 IST" duration-ms="21982" status="PASS">
          <params>
            <param index="0">
              <value>
                <![CDATA["verification of Signup button"]]>
              </value>
            </param>
            <param index="1">
              <value>
                <![CDATA["signup page features"]]>
              </value>
            </param>
          </params>
          <reporter-output>
          </reporter-output>
        </test-method> <!-- featue -->
        <test-method signature="featue(io.cucumber.testng.PickleWrapper,io.cucumber.testng.FeatureWrapper)[pri:0, instance:co.capstone.runner.Runner@5c44c582]" started-at="2022-06-19T00:51:27 IST" name="featue" data-provider="features" finished-at="2022-06-19T00:51:43 IST" duration-ms="15482" status="PASS">
          <params>
            <param index="0">
              <value>
                <![CDATA["verification of Login button"]]>
              </value>
            </param>
            <param index="1">
              <value>
                <![CDATA["signup page features"]]>
              </value>
            </param>
          </params>
          <reporter-output>
          </reporter-output>
        </test-method> <!-- featue -->
        <test-method is-config="true" signature="tearDown()[pri:0, instance:co.capstone.runner.Runner@5c44c582]" started-at="2022-06-19T00:51:43 IST" name="tearDown" finished-at="2022-06-19T00:51:48 IST" duration-ms="5106" status="PASS">
          <reporter-output>
          </reporter-output>
        </test-method> <!-- tearDown -->
      </class> <!-- co.capstone.runner.Runner -->
    </test> <!-- Test -->
  </suite> <!-- Suite -->
</testng-results>
