<?xml version="1.0" encoding="UTF-8"?>
<testng-results ignored="0" total="5" passed="5" failed="0" skipped="0">
  <reporter-output>
  </reporter-output>
  <suite started-at="2022-06-12T00:30:55 IST" name="Suite" finished-at="2022-06-12T00:31:53 IST" duration-ms="58292">
    <groups>
    </groups>
    <test started-at="2022-06-12T00:30:55 IST" name="Test" finished-at="2022-06-12T00:31:53 IST" duration-ms="58292">
      <class name="co.capstone.runner.Runner">
        <test-method is-config="true" signature="setup()[pri:0, instance:co.capstone.runner.Runner@750e2b97]" started-at="2022-06-12T00:30:55 IST" name="setup" finished-at="2022-06-12T00:30:56 IST" duration-ms="723" status="PASS">
          <reporter-output>
          </reporter-output>
        </test-method> <!-- setup -->
        <test-method signature="featue(io.cucumber.testng.PickleWrapper,io.cucumber.testng.FeatureWrapper)[pri:0, instance:co.capstone.runner.Runner@750e2b97]" started-at="2022-06-12T00:30:56 IST" name="featue" data-provider="features" finished-at="2022-06-12T00:31:12 IST" duration-ms="16143" status="PASS">
          <params>
            <param index="0">
              <value>
                <![CDATA["verification of try for free button"]]>
              </value>
            </param>
            <param index="1">
              <value>
                <![CDATA["Title of your feature"]]>
              </value>
            </param>
          </params>
          <reporter-output>
          </reporter-output>
        </test-method> <!-- featue -->
        <test-method signature="featue(io.cucumber.testng.PickleWrapper,io.cucumber.testng.FeatureWrapper)[pri:0, instance:co.capstone.runner.Runner@750e2b97]" started-at="2022-06-12T00:31:12 IST" name="featue" data-provider="features" finished-at="2022-06-12T00:31:25 IST" duration-ms="12584" status="PASS">
          <params>
            <param index="0">
              <value>
                <![CDATA["verification of login button"]]>
              </value>
            </param>
            <param index="1">
              <value>
                <![CDATA["Title of your feature"]]>
              </value>
            </param>
          </params>
          <reporter-output>
          </reporter-output>
        </test-method> <!-- featue -->
        <test-method signature="featue(io.cucumber.testng.PickleWrapper,io.cucumber.testng.FeatureWrapper)[pri:0, instance:co.capstone.runner.Runner@750e2b97]" started-at="2022-06-12T00:31:25 IST" name="featue" data-provider="features" finished-at="2022-06-12T00:31:32 IST" duration-ms="7566" status="PASS">
          <params>
            <param index="0">
              <value>
                <![CDATA["verification of subscribe button"]]>
              </value>
            </param>
            <param index="1">
              <value>
                <![CDATA["Title of your feature"]]>
              </value>
            </param>
          </params>
          <reporter-output>
          </reporter-output>
        </test-method> <!-- featue -->
        <test-method signature="featue(io.cucumber.testng.PickleWrapper,io.cucumber.testng.FeatureWrapper)[pri:0, instance:co.capstone.runner.Runner@750e2b97]" started-at="2022-06-12T00:31:32 IST" name="featue" data-provider="features" finished-at="2022-06-12T00:31:39 IST" duration-ms="7178" status="PASS">
          <params>
            <param index="0">
              <value>
                <![CDATA["verification of the images"]]>
              </value>
            </param>
            <param index="1">
              <value>
                <![CDATA["Title of your feature"]]>
              </value>
            </param>
          </params>
          <reporter-output>
          </reporter-output>
        </test-method> <!-- featue -->
        <test-method signature="featue(io.cucumber.testng.PickleWrapper,io.cucumber.testng.FeatureWrapper)[pri:0, instance:co.capstone.runner.Runner@750e2b97]" started-at="2022-06-12T00:31:39 IST" name="featue" data-provider="features" finished-at="2022-06-12T00:31:49 IST" duration-ms="9956" status="PASS">
          <params>
            <param index="0">
              <value>
                <![CDATA["verification of the read the story link"]]>
              </value>
            </param>
            <param index="1">
              <value>
                <![CDATA["Title of your feature"]]>
              </value>
            </param>
          </params>
          <reporter-output>
          </reporter-output>
        </test-method> <!-- featue -->
        <test-method is-config="true" signature="tearDown()[pri:0, instance:co.capstone.runner.Runner@750e2b97]" started-at="2022-06-12T00:31:49 IST" name="tearDown" finished-at="2022-06-12T00:31:53 IST" duration-ms="4050" status="PASS">
          <reporter-output>
          </reporter-output>
        </test-method> <!-- tearDown -->
      </class> <!-- co.capstone.runner.Runner -->
    </test> <!-- Test -->
  </suite> <!-- Suite -->
</testng-results>
